<?xml version="1.0" encoding="UTF-8"?>
<!-- Generated by org.testng.reporters.JUnitXMLReporter -->
<testsuite hostname="DESKTOP-84CJOHJ" ignored="0" name="Default test" tests="8" failures="0" timestamp="2023-01-30T23:43:10 IST" time="0.116" errors="0">
  <testcase name="login" time="0.014" classname="org.testNGEx1.DuplicatePriorityEx"/>
  <testcase name="CreatCustomer" time="0.002" classname="org.testNGEx1.DuplicatePriorityEx"/>
  <testcase name="creatCustomer" time="0.005" classname="org.testNGEx1.DuplicatePriorityEx"/>
  <testcase name="UpdateCustomer" time="0.001" classname="org.testNGEx1.DuplicatePriorityEx"/>
  <testcase name="updateCustomer" time="0.002" classname="org.testNGEx1.DuplicatePriorityEx"/>
  <testcase name="deleteCustomer" time="0.002" classname="org.testNGEx1.DuplicatePriorityEx"/>
  <testcase name="DeleteCustomer" time="0.002" classname="org.testNGEx1.DuplicatePriorityEx"/>
  <testcase name="logout" time="0.003" classname="org.testNGEx1.DuplicatePriorityEx"/>
</testsuite> <!-- Default test -->
