<?xml version="1.0" encoding="UTF-8"?>
<!-- Generated by org.testng.reporters.JUnitXMLReporter -->
<testsuite hostname="DESKTOP-84CJOHJ" ignored="0" name="Dev Environment" tests="3" failures="0" timestamp="2022-09-06T15:36:13 IST" time="0.075" errors="0">
  <testcase name="creatCustomer" time="0.008" classname="org.testNGEx2.CustomerTC2"/>
  <testcase name="deleteCustomer" time="0.002" classname="org.testNGEx2.CustomerTC2"/>
  <testcase name="updateCustomer" time="0.002" classname="org.testNGEx2.CustomerTC2"/>
</testsuite> <!-- Dev Environment -->
