<?xml version="1.0" encoding="UTF-8"?>
<!-- Generated by org.testng.reporters.JUnitXMLReporter -->
<testsuite hostname="DESKTOP-84CJOHJ" ignored="0" name="QA Environment" tests="3" failures="0" timestamp="2022-09-06T15:36:13 IST" time="0.02" errors="0">
  <testcase name="creatAccount" time="0.001" classname="org.testNGEx2.AccountTC2"/>
  <testcase name="deleteAccount" time="0.0" classname="org.testNGEx2.AccountTC2"/>
  <testcase name="updateAccount" time="0.002" classname="org.testNGEx2.AccountTC2"/>
</testsuite> <!-- QA Environment -->
