<?xml version="1.0" encoding="UTF-8"?>
<!-- Generated by org.testng.reporters.JUnitXMLReporter -->
<testsuite hostname="DESKTOP-84CJOHJ" ignored="0" name="Regression Suite" tests="4" failures="0" timestamp="2022-09-07T12:04:23 IST" time="60.194" errors="0">
  <testcase name="facebookEdge" time="10.722" classname="org.testNGEx3.ParallelMethodEx1"/>
  <testcase name="googleCH" time="13.654" classname="org.testNGEx3.ParallelMethodEx1"/>
  <testcase name="amazonEdge" time="20.64" classname="org.testNGEx3.ParallelMethodEx2"/>
  <testcase name="flipkartCH" time="15.112" classname="org.testNGEx3.ParallelMethodEx2"/>
</testsuite> <!-- Regression Suite -->
