<?xml version="1.0" encoding="UTF-8"?>
<!-- Generated by org.testng.reporters.JUnitXMLReporter -->
<testsuite hostname="DESKTOP-84CJOHJ" ignored="0" name="Test 2" tests="3" failures="0" timestamp="2022-08-05T00:34:26 IST" time="0.087" errors="0">
  <testcase name="createAccountr" time="0.014" classname="org.testNGPractice2.AccountManagerEx2"/>
  <testcase name="deleteAccount" time="0.002" classname="org.testNGPractice2.AccountManagerEx2"/>
  <testcase name="updateAccount" time="0.005" classname="org.testNGPractice2.AccountManagerEx2"/>
</testsuite> <!-- Test 2 -->
