<?xml version="1.0" encoding="UTF-8"?>
<!-- Generated by org.testng.reporters.JUnitXMLReporter -->
<testsuite hostname="DESKTOP-84CJOHJ" ignored="0" name="Test 1" tests="3" failures="0" timestamp="2022-08-05T00:34:26 IST" time="0.089" errors="0">
  <testcase name="createCustomer" time="0.014" classname="org.testNGPractice2.UserManagerEx2"/>
  <testcase name="deleteCustomer" time="0.002" classname="org.testNGPractice2.UserManagerEx2"/>
  <testcase name="updateCustomer" time="0.008" classname="org.testNGPractice2.UserManagerEx2"/>
</testsuite> <!-- Test 1 -->
