<?xml version="1.0" encoding="UTF-8"?>
<!-- Generated by org.testng.reporters.JUnitXMLReporter -->
<testsuite hostname="DESKTOP-84CJOHJ" ignored="0" name="Regression_Suite - DEV" tests="3" failures="0" timestamp="2022-08-03T12:31:56 IST" time="0.067" errors="0">
  <testcase name="createCustomer" time="0.007" classname="org.testNGPractice2.UserManagerEx2"/>
  <testcase name="deleteCustomer" time="0.001" classname="org.testNGPractice2.UserManagerEx2"/>
  <testcase name="updateCustomer" time="0.002" classname="org.testNGPractice2.UserManagerEx2"/>
</testsuite> <!-- Regression_Suite - DEV -->
