<?xml version="1.0" encoding="UTF-8"?>
<!-- Generated by org.testng.reporters.JUnitXMLReporter -->
<testsuite hostname="DESKTOP-84CJOHJ" ignored="0" name="Regression_Suite - STAGE" tests="3" failures="0" timestamp="2022-08-03T12:31:56 IST" time="0.015" errors="0">
  <testcase name="createCustomer" time="0.002" classname="org.testNGPractice2.UserManagerEx3"/>
  <testcase name="deleteCustomer" time="0.003" classname="org.testNGPractice2.UserManagerEx3"/>
  <testcase name="updateCustomer" time="0.0" classname="org.testNGPractice2.UserManagerEx3"/>
</testsuite> <!-- Regression_Suite - STAGE -->
