<?xml version="1.0" encoding="UTF-8"?>
<!-- Generated by org.testng.reporters.JUnitXMLReporter -->
<testsuite hostname="DESKTOP-84CJOHJ" ignored="0" name="Regression Test" tests="6" failures="0" timestamp="2022-08-08T15:43:42 IST" time="0.126" errors="0">
  <testcase name="creatAccount" time="0.008" classname="org.testNGEx2.AccountTC2"/>
  <testcase name="deleteAccount" time="0.004" classname="org.testNGEx2.AccountTC2"/>
  <testcase name="updateAccount" time="0.002" classname="org.testNGEx2.AccountTC2"/>
  <testcase name="creatCustomer" time="0.009" classname="org.testNGEx2.CustomerTC1"/>
  <testcase name="deleteCustomer" time="0.004" classname="org.testNGEx2.CustomerTC1"/>
  <testcase name="updateCustomer" time="0.003" classname="org.testNGEx2.CustomerTC1"/>
</testsuite> <!-- Regression Test -->
